[debug] [2024-06-24T16:17:22.027Z] ----------------------------------------------------------------------
[debug] [2024-06-24T16:17:22.029Z] Command:       C:\Program Files\nodejs\node.exe C:\Users\Familia Campos\AppData\Roaming\npm\node_modules\firebase-tools\lib\bin\firebase.js deploy
[debug] [2024-06-24T16:17:22.030Z] CLI Version:   13.7.2
[debug] [2024-06-24T16:17:22.030Z] Platform:      win32
[debug] [2024-06-24T16:17:22.031Z] Node Version:  v18.17.0
[debug] [2024-06-24T16:17:22.032Z] Time:          Mon Jun 24 2024 13:17:22 GMT-0300 (Horário Padrão de Brasília)
[debug] [2024-06-24T16:17:22.032Z] ----------------------------------------------------------------------
[debug] 
[debug] [2024-06-24T16:17:22.037Z] >>> [apiv2][query] GET https://firebase-public.firebaseio.com/cli.json [none]
[debug] [2024-06-24T16:17:22.170Z] > command requires scopes: ["email","openid","https://www.googleapis.com/auth/cloudplatformprojects.readonly","https://www.googleapis.com/auth/firebase","https://www.googleapis.com/auth/cloud-platform"]
[debug] [2024-06-24T16:17:22.171Z] > authorizing via signed-in user (vituca.9@gmail.com)
[debug] [2024-06-24T16:17:22.171Z] [iam] checking project aprendabraille2 for permissions ["firebase.projects.get","firebasehosting.sites.update"]
[debug] [2024-06-24T16:17:22.172Z] > refreshing access token with scopes: []
[debug] [2024-06-24T16:17:22.173Z] >>> [apiv2][query] POST https://www.googleapis.com/oauth2/v3/token [none]
[debug] [2024-06-24T16:17:22.173Z] >>> [apiv2][body] POST https://www.googleapis.com/oauth2/v3/token [omitted]
[debug] [2024-06-24T16:17:22.529Z] <<< [apiv2][status] POST https://www.googleapis.com/oauth2/v3/token 200
[debug] [2024-06-24T16:17:22.530Z] <<< [apiv2][body] POST https://www.googleapis.com/oauth2/v3/token [omitted]
[debug] [2024-06-24T16:17:22.548Z] >>> [apiv2][query] POST https://cloudresourcemanager.googleapis.com/v1/projects/aprendabraille2:testIamPermissions [none]
[debug] [2024-06-24T16:17:22.548Z] >>> [apiv2][(partial)header] POST https://cloudresourcemanager.googleapis.com/v1/projects/aprendabraille2:testIamPermissions x-goog-quota-user=projects/aprendabraille2
[debug] [2024-06-24T16:17:22.548Z] >>> [apiv2][body] POST https://cloudresourcemanager.googleapis.com/v1/projects/aprendabraille2:testIamPermissions {"permissions":["firebase.projects.get","firebasehosting.sites.update"]}
[debug] [2024-06-24T16:17:22.681Z] <<< [apiv2][status] GET https://firebase-public.firebaseio.com/cli.json 200
[debug] [2024-06-24T16:17:22.681Z] <<< [apiv2][body] GET https://firebase-public.firebaseio.com/cli.json {"cloudBuildErrorAfter":1594252800000,"cloudBuildWarnAfter":1590019200000,"defaultNode10After":1594252800000,"minVersion":"3.0.5","node8DeploysDisabledAfter":1613390400000,"node8RuntimeDisabledAfter":1615809600000,"node8WarnAfter":1600128000000}
[debug] [2024-06-24T16:17:23.673Z] <<< [apiv2][status] POST https://cloudresourcemanager.googleapis.com/v1/projects/aprendabraille2:testIamPermissions 200
[debug] [2024-06-24T16:17:23.673Z] <<< [apiv2][body] POST https://cloudresourcemanager.googleapis.com/v1/projects/aprendabraille2:testIamPermissions {"permissions":["firebase.projects.get","firebasehosting.sites.update"]}
[debug] [2024-06-24T16:17:23.675Z] >>> [apiv2][query] GET https://firebase.googleapis.com/v1beta1/projects/aprendabraille2 [none]
